# JRE version: OpenJDK Runtime Environment Temurin-17.0.3+7 (17.0.3+7) (build 17.0.3+7)
# Java VM: OpenJDK 64-Bit Server VM Temurin-17.0.3+7 (17.0.3+7, mixed mode, emulated-client, tiered, compressed oops, compressed class ptrs, g1 gc, windows-amd64)
GC Precious Log:
 CPUs: 4 total, 4 available
 Memory: 8026M
 Large Page Support: Disabled
 NUMA Support: Disabled
 Compressed Oops: Enabled (32-bit)
 Heap Region Size: 1M
 Heap Min Capacity: 8M
 Heap Initial Capacity: 126M
 Heap Max Capacity: 2008M
 Pre-touch: Disabled
 Parallel Workers: 4
 Concurrent Workers: 1
 Concurrent Refinement Workers: 4
 Periodic GC: Disabled
Heap:
 garbage-first heap   total 129024K, used 44171K [0x0000000082800000, 0x0000000100000000)
  region size 1024K, 2 young (2048K), 2 survivors (2048K)
 Metaspace       used 34122K, committed 34368K, reserved 1081344K
  class space    used 4419K, committed 4544K, reserved 1048576K
GC Heap History (20 events):
Event: 6.656 GC heap after
{Heap after GC invocations=11 (full 0):
 garbage-first heap   total 54272K, used 18845K [0x0000000082800000, 0x0000000100000000)
  region size 1024K, 2 young (2048K), 2 survivors (2048K)
 Metaspace       used 32318K, committed 32576K, reserved 1081344K
  class space    used 4099K, committed 4224K, reserved 1048576K
}
Event: 6.856 GC heap before
{Heap before GC invocations=11 (full 0):
 garbage-first heap   total 54272K, used 38301K [0x0000000082800000, 0x0000000100000000)
  region size 1024K, 23 young (23552K), 2 survivors (2048K)
 Metaspace       used 32695K, committed 32960K, reserved 1081344K
  class space    used 4157K, committed 4288K, reserved 1048576K
}
Event: 6.862 GC heap after
{Heap after GC invocations=12 (full 0):
 garbage-first heap   total 54272K, used 23349K [0x0000000082800000, 0x0000000100000000)
  region size 1024K, 3 young (3072K), 3 survivors (3072K)
 Metaspace       used 32695K, committed 32960K, reserved 1081344K
  class space    used 4157K, committed 4288K, reserved 1048576K
}
Event: 7.183 GC heap before
{Heap before GC invocations=12 (full 0):
 garbage-first heap   total 54272K, used 38709K [0x0000000082800000, 0x0000000100000000)
  region size 1024K, 19 young (19456K), 3 survivors (3072K)
 Metaspace       used 33477K, committed 33792K, reserved 1081344K
  class space    used 4309K, committed 4480K, reserved 1048576K
}
Event: 7.190 GC heap after
{Heap after GC invocations=13 (full 0):
 garbage-first heap   total 54272K, used 26467K [0x0000000082800000, 0x0000000100000000)
  region size 1024K, 3 young (3072K), 3 survivors (3072K)
 Metaspace       used 33477K, committed 33792K, reserved 1081344K
  class space    used 4309K, committed 4480K, reserved 1048576K
}
Event: 7.810 GC heap before
{Heap before GC invocations=13 (full 0):
 garbage-first heap   total 54272K, used 38755K [0x0000000082800000, 0x0000000100000000)
  region size 1024K, 16 young (16384K), 3 survivors (3072K)
 Metaspace       used 33848K, committed 34176K, reserved 1081344K
  class space    used 4386K, committed 4544K, reserved 1048576K
}
Event: 7.820 GC heap after
{Heap after GC invocations=14 (full 0):
 garbage-first heap   total 54272K, used 31421K [0x0000000082800000, 0x0000000100000000)
  region size 1024K, 2 young (2048K), 2 survivors (2048K)
 Metaspace       used 33848K, committed 34176K, reserved 1081344K
  class space    used 4386K, committed 4544K, reserved 1048576K
}
Event: 8.271 GC heap before
{Heap before GC invocations=14 (full 0):
 garbage-first heap   total 54272K, used 39613K [0x0000000082800000, 0x0000000100000000)
  region size 1024K, 11 young (11264K), 2 survivors (2048K)
 Metaspace       used 33850K, committed 34176K, reserved 1081344K
  class space    used 4387K, committed 4544K, reserved 1048576K
}
Event: 8.276 GC heap after
{Heap after GC invocations=15 (full 0):
 garbage-first heap   total 65536K, used 32192K [0x0000000082800000, 0x0000000100000000)
  region size 1024K, 1 young (1024K), 1 survivors (1024K)
 Metaspace       used 33850K, committed 34176K, reserved 1081344K
  class space    used 4387K, committed 4544K, reserved 1048576K
}
Event: 8.589 GC heap before
{Heap before GC invocations=16 (full 0):
 garbage-first heap   total 65536K, used 46528K [0x0000000082800000, 0x0000000100000000)
  region size 1024K, 16 young (16384K), 1 survivors (1024K)
 Metaspace       used 33902K, committed 34176K, reserved 1081344K
  class space    used 4396K, committed 4544K, reserved 1048576K
}
Event: 8.602 GC heap after
{Heap after GC invocations=17 (full 0):
 garbage-first heap   total 65536K, used 39749K [0x0000000082800000, 0x0000000100000000)
  region size 1024K, 2 young (2048K), 2 survivors (2048K)
 Metaspace       used 33902K, committed 34176K, reserved 1081344K
  class space    used 4396K, committed 4544K, reserved 1048576K
}
Event: 8.815 GC heap before
{Heap before GC invocations=17 (full 0):
 garbage-first heap   total 65536K, used 47941K [0x0000000082800000, 0x0000000100000000)
  region size 1024K, 11 young (11264K), 2 survivors (2048K)
 Metaspace       used 33903K, committed 34176K, reserved 1081344K
  class space    used 4397K, committed 4544K, reserved 1048576K
}
Event: 8.818 GC heap after
{Heap after GC invocations=18 (full 0):
 garbage-first heap   total 65536K, used 40898K [0x0000000082800000, 0x0000000100000000)
  region size 1024K, 1 young (1024K), 1 survivors (1024K)
 Metaspace       used 33903K, committed 34176K, reserved 1081344K
  class space    used 4397K, committed 4544K, reserved 1048576K
}
Event: 8.915 GC heap before
{Heap before GC invocations=18 (full 0):
 garbage-first heap   total 83968K, used 49090K [0x0000000082800000, 0x0000000100000000)
  region size 1024K, 10 young (10240K), 1 survivors (1024K)
 Metaspace       used 34122K, committed 34368K, reserved 1081344K
  class space    used 4419K, committed 4544K, reserved 1048576K
}
Event: 8.917 GC heap after
{Heap after GC invocations=19 (full 0):
 garbage-first heap   total 83968K, used 41332K [0x0000000082800000, 0x0000000100000000)
  region size 1024K, 2 young (2048K), 2 survivors (2048K)
 Metaspace       used 34122K, committed 34368K, reserved 1081344K
  class space    used 4419K, committed 4544K, reserved 1048576K
}
Event: 8.951 GC heap before
{Heap before GC invocations=20 (full 0):
 garbage-first heap   total 83968K, used 60788K [0x0000000082800000, 0x0000000100000000)
  region size 1024K, 22 young (22528K), 2 survivors (2048K)
 Metaspace       used 34122K, committed 34368K, reserved 1081344K
  class space    used 4419K, committed 4544K, reserved 1048576K
}
Event: 8.953 GC heap after
{Heap after GC invocations=21 (full 0):
 garbage-first heap   total 83968K, used 42331K [0x0000000082800000, 0x0000000100000000)
  region size 1024K, 3 young (3072K), 3 survivors (3072K)
 Metaspace       used 34122K, committed 34368K, reserved 1081344K
  class space    used 4419K, committed 4544K, reserved 1048576K
}
Event: 9.008 GC heap before
{Heap before GC invocations=21 (full 0):
 garbage-first heap   total 83968K, used 61787K [0x0000000082800000, 0x0000000100000000)
  region size 1024K, 23 young (23552K), 3 survivors (3072K)
 Metaspace       used 34122K, committed 34368K, reserved 1081344K
  class space    used 4419K, committed 4544K, reserved 1048576K
}
Event: 9.010 GC heap after
{Heap after GC invocations=22 (full 0):
 garbage-first heap   total 83968K, used 43228K [0x0000000082800000, 0x0000000100000000)
  region size 1024K, 2 young (2048K), 2 survivors (2048K)
 Metaspace       used 34122K, committed 34368K, reserved 1081344K
  class space    used 4419K, committed 4544K, reserved 1048576K
}
Event: 9.045 GC heap before
{Heap before GC invocations=22 (full 0):
 garbage-first heap   total 83968K, used 63708K [0x0000000082800000, 0x0000000100000000)
  region size 1024K, 23 young (23552K), 2 survivors (2048K)
 Metaspace       used 34122K, committed 34368K, reserved 1081344K
  class space    used 4419K, committed 4544K, reserved 1048576K
}

