# JRE version: OpenJDK Runtime Environment Temurin-17.0.3+7 (17.0.3+7) (build 17.0.3+7)
# Java VM: OpenJDK 64-Bit Server VM Temurin-17.0.3+7 (17.0.3+7, mixed mode, emulated-client, tiered, compressed oops, compressed class ptrs, g1 gc, windows-amd64)
GC Precious Log:
 CPUs: 4 total, 4 available
 Memory: 8026M
 Large Page Support: Disabled
 NUMA Support: Disabled
 Compressed Oops: Enabled (32-bit)
 Heap Region Size: 1M
 Heap Min Capacity: 8M
 Heap Initial Capacity: 126M
 Heap Max Capacity: 2008M
 Pre-touch: Disabled
 Parallel Workers: 4
 Concurrent Workers: 1
 Concurrent Refinement Workers: 4
 Periodic GC: Disabled
Heap:
 garbage-first heap   total 149504K, used 59602K [0x0000000082800000, 0x0000000100000000)
  region size 1024K, 7 young (7168K), 7 survivors (7168K)
 Metaspace       used 34117K, committed 34368K, reserved 1081344K
  class space    used 4418K, committed 4544K, reserved 1048576K
GC Heap History (20 events):
Event: 8.062 GC heap after
{Heap after GC invocations=15 (full 0):
 garbage-first heap   total 96256K, used 33605K [0x0000000082800000, 0x0000000100000000)
  region size 1024K, 1 young (1024K), 1 survivors (1024K)
 Metaspace       used 33787K, committed 34112K, reserved 1081344K
  class space    used 4385K, committed 4544K, reserved 1048576K
}
Event: 9.688 GC heap before
{Heap before GC invocations=15 (full 0):
 garbage-first heap   total 96256K, used 60229K [0x0000000082800000, 0x0000000100000000)
  region size 1024K, 28 young (28672K), 1 survivors (1024K)
 Metaspace       used 33877K, committed 34176K, reserved 1081344K
  class space    used 4395K, committed 4544K, reserved 1048576K
}
Event: 9.702 GC heap after
{Heap after GC invocations=16 (full 0):
 garbage-first heap   total 96256K, used 41517K [0x0000000082800000, 0x0000000100000000)
  region size 1024K, 4 young (4096K), 4 survivors (4096K)
 Metaspace       used 33877K, committed 34176K, reserved 1081344K
  class space    used 4395K, committed 4544K, reserved 1048576K
}
Event: 9.944 GC heap before
{Heap before GC invocations=16 (full 0):
 garbage-first heap   total 96256K, used 64045K [0x0000000082800000, 0x0000000100000000)
  region size 1024K, 27 young (27648K), 4 survivors (4096K)
 Metaspace       used 34117K, committed 34368K, reserved 1081344K
  class space    used 4418K, committed 4544K, reserved 1048576K
}
Event: 9.950 GC heap after
{Heap after GC invocations=17 (full 0):
 garbage-first heap   total 96256K, used 43411K [0x0000000082800000, 0x0000000100000000)
  region size 1024K, 2 young (2048K), 2 survivors (2048K)
 Metaspace       used 34117K, committed 34368K, reserved 1081344K
  class space    used 4418K, committed 4544K, reserved 1048576K
}
Event: 9.987 GC heap before
{Heap before GC invocations=17 (full 0):
 garbage-first heap   total 96256K, used 66963K [0x0000000082800000, 0x0000000100000000)
  region size 1024K, 26 young (26624K), 2 survivors (2048K)
 Metaspace       used 34117K, committed 34368K, reserved 1081344K
  class space    used 4418K, committed 4544K, reserved 1048576K
}
Event: 9.989 GC heap after
{Heap after GC invocations=18 (full 0):
 garbage-first heap   total 96256K, used 44447K [0x0000000082800000, 0x0000000100000000)
  region size 1024K, 3 young (3072K), 3 survivors (3072K)
 Metaspace       used 34117K, committed 34368K, reserved 1081344K
  class space    used 4418K, committed 4544K, reserved 1048576K
}
Event: 10.020 GC heap before
{Heap before GC invocations=18 (full 0):
 garbage-first heap   total 96256K, used 70047K [0x0000000082800000, 0x0000000100000000)
  region size 1024K, 29 young (29696K), 3 survivors (3072K)
 Metaspace       used 34117K, committed 34368K, reserved 1081344K
  class space    used 4418K, committed 4544K, reserved 1048576K
}
Event: 10.022 GC heap after
{Heap after GC invocations=19 (full 0):
 garbage-first heap   total 96256K, used 45706K [0x0000000082800000, 0x0000000100000000)
  region size 1024K, 3 young (3072K), 3 survivors (3072K)
 Metaspace       used 34117K, committed 34368K, reserved 1081344K
  class space    used 4418K, committed 4544K, reserved 1048576K
}
Event: 10.057 GC heap before
{Heap before GC invocations=19 (full 0):
 garbage-first heap   total 96256K, used 71306K [0x0000000082800000, 0x0000000100000000)
  region size 1024K, 29 young (29696K), 3 survivors (3072K)
 Metaspace       used 34117K, committed 34368K, reserved 1081344K
  class space    used 4418K, committed 4544K, reserved 1048576K
}
Event: 10.059 GC heap after
{Heap after GC invocations=20 (full 0):
 garbage-first heap   total 149504K, used 47054K [0x0000000082800000, 0x0000000100000000)
  region size 1024K, 3 young (3072K), 3 survivors (3072K)
 Metaspace       used 34117K, committed 34368K, reserved 1081344K
  class space    used 4418K, committed 4544K, reserved 1048576K
}
Event: 10.291 GC heap before
{Heap before GC invocations=21 (full 0):
 garbage-first heap   total 149504K, used 115662K [0x0000000082800000, 0x0000000100000000)
  region size 1024K, 71 young (72704K), 3 survivors (3072K)
 Metaspace       used 34117K, committed 34368K, reserved 1081344K
  class space    used 4418K, committed 4544K, reserved 1048576K
}
Event: 10.298 GC heap after
{Heap after GC invocations=22 (full 0):
 garbage-first heap   total 149504K, used 50525K [0x0000000082800000, 0x0000000100000000)
  region size 1024K, 6 young (6144K), 6 survivors (6144K)
 Metaspace       used 34117K, committed 34368K, reserved 1081344K
  class space    used 4418K, committed 4544K, reserved 1048576K
}
Event: 10.300 GC heap before
{Heap before GC invocations=22 (full 0):
 garbage-first heap   total 149504K, used 51549K [0x0000000082800000, 0x0000000100000000)
  region size 1024K, 7 young (7168K), 6 survivors (6144K)
 Metaspace       used 34117K, committed 34368K, reserved 1081344K
  class space    used 4418K, committed 4544K, reserved 1048576K
}
Event: 10.304 GC heap after
{Heap after GC invocations=23 (full 0):
 garbage-first heap   total 149504K, used 50363K [0x0000000082800000, 0x0000000100000000)
  region size 1024K, 1 young (1024K), 1 survivors (1024K)
 Metaspace       used 34117K, committed 34368K, reserved 1081344K
  class space    used 4418K, committed 4544K, reserved 1048576K
}
Event: 10.500 GC heap before
{Heap before GC invocations=23 (full 0):
 garbage-first heap   total 149504K, used 114875K [0x0000000082800000, 0x0000000100000000)
  region size 1024K, 65 young (66560K), 1 survivors (1024K)
 Metaspace       used 34117K, committed 34368K, reserved 1081344K
  class space    used 4418K, committed 4544K, reserved 1048576K
}
Event: 10.504 GC heap after
{Heap after GC invocations=24 (full 0):
 garbage-first heap   total 149504K, used 53120K [0x0000000082800000, 0x0000000100000000)
  region size 1024K, 4 young (4096K), 4 survivors (4096K)
 Metaspace       used 34117K, committed 34368K, reserved 1081344K
  class space    used 4418K, committed 4544K, reserved 1048576K
}
Event: 10.585 GC heap before
{Heap before GC invocations=24 (full 0):
 garbage-first heap   total 149504K, used 116608K [0x0000000082800000, 0x0000000100000000)
  region size 1024K, 67 young (68608K), 4 survivors (4096K)
 Metaspace       used 34117K, committed 34368K, reserved 1081344K
  class space    used 4418K, committed 4544K, reserved 1048576K
}
Event: 10.589 GC heap after
{Heap after GC invocations=25 (full 0):
 garbage-first heap   total 149504K, used 55937K [0x0000000082800000, 0x0000000100000000)
  region size 1024K, 7 young (7168K), 7 survivors (7168K)
 Metaspace       used 34117K, committed 34368K, reserved 1081344K
  class space    used 4418K, committed 4544K, reserved 1048576K
}
Event: 10.740 GC heap before
{Heap before GC invocations=25 (full 0):
 garbage-first heap   total 149504K, used 119425K [0x0000000082800000, 0x0000000100000000)
  region size 1024K, 70 young (71680K), 7 survivors (7168K)
 Metaspace       used 34117K, committed 34368K, reserved 1081344K
  class space    used 4418K, committed 4544K, reserved 1048576K
}

