# JRE version: OpenJDK Runtime Environment Temurin-17.0.3+7 (17.0.3+7) (build 17.0.3+7)
# Java VM: OpenJDK 64-Bit Server VM Temurin-17.0.3+7 (17.0.3+7, mixed mode, emulated-client, tiered, compressed oops, compressed class ptrs, g1 gc, windows-amd64)
GC Precious Log:
 CPUs: 4 total, 4 available
 Memory: 8026M
 Large Page Support: Disabled
 NUMA Support: Disabled
 Compressed Oops: Enabled (32-bit)
 Heap Region Size: 1M
 Heap Min Capacity: 8M
 Heap Initial Capacity: 126M
 Heap Max Capacity: 2008M
 Pre-touch: Disabled
 Parallel Workers: 4
 Concurrent Workers: 1
 Concurrent Refinement Workers: 4
 Periodic GC: Disabled
Heap:
 garbage-first heap   total 78848K, used 23342K [0x0000000082800000, 0x0000000100000000)
  region size 1024K, 1 young (1024K), 0 survivors (0K)
 Metaspace       used 44079K, committed 44480K, reserved 1089536K
  class space    used 5933K, committed 6080K, reserved 1048576K
GC Heap History (20 events):
Event: 4580.482 GC heap before
{Heap before GC invocations=464 (full 431):
 garbage-first heap   total 78848K, used 23342K [0x0000000082800000, 0x0000000100000000)
  region size 1024K, 1 young (1024K), 0 survivors (0K)
 Metaspace       used 44079K, committed 44480K, reserved 1089536K
  class space    used 5933K, committed 6080K, reserved 1048576K
}
Event: 4580.534 GC heap after
{Heap after GC invocations=465 (full 432):
 garbage-first heap   total 78848K, used 23342K [0x0000000082800000, 0x0000000100000000)
  region size 1024K, 0 young (0K), 0 survivors (0K)
 Metaspace       used 44079K, committed 44480K, reserved 1089536K
  class space    used 5933K, committed 6080K, reserved 1048576K
}
Event: 4590.984 GC heap before
{Heap before GC invocations=465 (full 432):
 garbage-first heap   total 78848K, used 23342K [0x0000000082800000, 0x0000000100000000)
  region size 1024K, 1 young (1024K), 0 survivors (0K)
 Metaspace       used 44079K, committed 44480K, reserved 1089536K
  class space    used 5933K, committed 6080K, reserved 1048576K
}
Event: 4591.017 GC heap after
{Heap after GC invocations=466 (full 433):
 garbage-first heap   total 78848K, used 23342K [0x0000000082800000, 0x0000000100000000)
  region size 1024K, 0 young (0K), 0 survivors (0K)
 Metaspace       used 44079K, committed 44480K, reserved 1089536K
  class space    used 5933K, committed 6080K, reserved 1048576K
}
Event: 4601.411 GC heap before
{Heap before GC invocations=466 (full 433):
 garbage-first heap   total 78848K, used 23342K [0x0000000082800000, 0x0000000100000000)
  region size 1024K, 1 young (1024K), 0 survivors (0K)
 Metaspace       used 44079K, committed 44480K, reserved 1089536K
  class space    used 5933K, committed 6080K, reserved 1048576K
}
Event: 4601.457 GC heap after
{Heap after GC invocations=467 (full 434):
 garbage-first heap   total 78848K, used 23342K [0x0000000082800000, 0x0000000100000000)
  region size 1024K, 0 young (0K), 0 survivors (0K)
 Metaspace       used 44079K, committed 44480K, reserved 1089536K
  class space    used 5933K, committed 6080K, reserved 1048576K
}
Event: 4611.950 GC heap before
{Heap before GC invocations=467 (full 434):
 garbage-first heap   total 78848K, used 23342K [0x0000000082800000, 0x0000000100000000)
  region size 1024K, 1 young (1024K), 0 survivors (0K)
 Metaspace       used 44079K, committed 44480K, reserved 1089536K
  class space    used 5933K, committed 6080K, reserved 1048576K
}
Event: 4611.997 GC heap after
{Heap after GC invocations=468 (full 435):
 garbage-first heap   total 78848K, used 23342K [0x0000000082800000, 0x0000000100000000)
  region size 1024K, 0 young (0K), 0 survivors (0K)
 Metaspace       used 44079K, committed 44480K, reserved 1089536K
  class space    used 5933K, committed 6080K, reserved 1048576K
}
Event: 4622.381 GC heap before
{Heap before GC invocations=468 (full 435):
 garbage-first heap   total 78848K, used 23342K [0x0000000082800000, 0x0000000100000000)
  region size 1024K, 1 young (1024K), 0 survivors (0K)
 Metaspace       used 44079K, committed 44480K, reserved 1089536K
  class space    used 5933K, committed 6080K, reserved 1048576K
}
Event: 4622.423 GC heap after
{Heap after GC invocations=469 (full 436):
 garbage-first heap   total 78848K, used 23342K [0x0000000082800000, 0x0000000100000000)
  region size 1024K, 0 young (0K), 0 survivors (0K)
 Metaspace       used 44079K, committed 44480K, reserved 1089536K
  class space    used 5933K, committed 6080K, reserved 1048576K
}
Event: 4632.843 GC heap before
{Heap before GC invocations=469 (full 436):
 garbage-first heap   total 78848K, used 23342K [0x0000000082800000, 0x0000000100000000)
  region size 1024K, 1 young (1024K), 0 survivors (0K)
 Metaspace       used 44079K, committed 44480K, reserved 1089536K
  class space    used 5933K, committed 6080K, reserved 1048576K
}
Event: 4632.892 GC heap after
{Heap after GC invocations=470 (full 437):
 garbage-first heap   total 78848K, used 23342K [0x0000000082800000, 0x0000000100000000)
  region size 1024K, 0 young (0K), 0 survivors (0K)
 Metaspace       used 44079K, committed 44480K, reserved 1089536K
  class space    used 5933K, committed 6080K, reserved 1048576K
}
Event: 4643.338 GC heap before
{Heap before GC invocations=470 (full 437):
 garbage-first heap   total 78848K, used 23342K [0x0000000082800000, 0x0000000100000000)
  region size 1024K, 1 young (1024K), 0 survivors (0K)
 Metaspace       used 44079K, committed 44480K, reserved 1089536K
  class space    used 5933K, committed 6080K, reserved 1048576K
}
Event: 4643.368 GC heap after
{Heap after GC invocations=471 (full 438):
 garbage-first heap   total 78848K, used 23342K [0x0000000082800000, 0x0000000100000000)
  region size 1024K, 0 young (0K), 0 survivors (0K)
 Metaspace       used 44079K, committed 44480K, reserved 1089536K
  class space    used 5933K, committed 6080K, reserved 1048576K
}
Event: 4653.698 GC heap before
{Heap before GC invocations=471 (full 438):
 garbage-first heap   total 78848K, used 23342K [0x0000000082800000, 0x0000000100000000)
  region size 1024K, 1 young (1024K), 0 survivors (0K)
 Metaspace       used 44079K, committed 44480K, reserved 1089536K
  class space    used 5933K, committed 6080K, reserved 1048576K
}
Event: 4653.728 GC heap after
{Heap after GC invocations=472 (full 439):
 garbage-first heap   total 78848K, used 23342K [0x0000000082800000, 0x0000000100000000)
  region size 1024K, 0 young (0K), 0 survivors (0K)
 Metaspace       used 44079K, committed 44480K, reserved 1089536K
  class space    used 5933K, committed 6080K, reserved 1048576K
}
Event: 4664.070 GC heap before
{Heap before GC invocations=472 (full 439):
 garbage-first heap   total 78848K, used 23342K [0x0000000082800000, 0x0000000100000000)
  region size 1024K, 1 young (1024K), 0 survivors (0K)
 Metaspace       used 44079K, committed 44480K, reserved 1089536K
  class space    used 5933K, committed 6080K, reserved 1048576K
}
Event: 4664.096 GC heap after
{Heap after GC invocations=473 (full 440):
 garbage-first heap   total 78848K, used 23342K [0x0000000082800000, 0x0000000100000000)
  region size 1024K, 0 young (0K), 0 survivors (0K)
 Metaspace       used 44079K, committed 44480K, reserved 1089536K
  class space    used 5933K, committed 6080K, reserved 1048576K
}
Event: 4674.430 GC heap before
{Heap before GC invocations=473 (full 440):
 garbage-first heap   total 78848K, used 23342K [0x0000000082800000, 0x0000000100000000)
  region size 1024K, 1 young (1024K), 0 survivors (0K)
 Metaspace       used 44079K, committed 44480K, reserved 1089536K
  class space    used 5933K, committed 6080K, reserved 1048576K
}
Event: 4674.459 GC heap after
{Heap after GC invocations=474 (full 441):
 garbage-first heap   total 78848K, used 23342K [0x0000000082800000, 0x0000000100000000)
  region size 1024K, 0 young (0K), 0 survivors (0K)
 Metaspace       used 44079K, committed 44480K, reserved 1089536K
  class space    used 5933K, committed 6080K, reserved 1048576K
}

