# JRE version: OpenJDK Runtime Environment Temurin-17.0.3+7 (17.0.3+7) (build 17.0.3+7)
# Java VM: OpenJDK 64-Bit Server VM Temurin-17.0.3+7 (17.0.3+7, mixed mode, emulated-client, tiered, compressed oops, compressed class ptrs, g1 gc, windows-amd64)
GC Precious Log:
 CPUs: 4 total, 4 available
 Memory: 8026M
 Large Page Support: Disabled
 NUMA Support: Disabled
 Compressed Oops: Enabled (32-bit)
 Heap Region Size: 1M
 Heap Min Capacity: 8M
 Heap Initial Capacity: 126M
 Heap Max Capacity: 2008M
 Pre-touch: Disabled
 Parallel Workers: 4
 Concurrent Workers: 1
 Concurrent Refinement Workers: 4
 Periodic GC: Disabled
Heap:
 garbage-first heap   total 163840K, used 59571K [0x0000000082800000, 0x0000000100000000)
  region size 1024K, 8 young (8192K), 8 survivors (8192K)
 Metaspace       used 34121K, committed 34368K, reserved 1081344K
  class space    used 4418K, committed 4544K, reserved 1048576K
GC Heap History (20 events):
Event: 6.229 GC heap after
{Heap after GC invocations=16 (full 0):
 garbage-first heap   total 65536K, used 40937K [0x0000000082800000, 0x0000000100000000)
  region size 1024K, 2 young (2048K), 2 survivors (2048K)
 Metaspace       used 33892K, committed 34176K, reserved 1081344K
  class space    used 4394K, committed 4544K, reserved 1048576K
}
Event: 6.377 GC heap before
{Heap before GC invocations=17 (full 0):
 garbage-first heap   total 76800K, used 48105K [0x0000000082800000, 0x0000000100000000)
  region size 1024K, 10 young (10240K), 2 survivors (2048K)
 Metaspace       used 33894K, committed 34176K, reserved 1081344K
  class space    used 4395K, committed 4544K, reserved 1048576K
}
Event: 6.382 GC heap after
{Heap after GC invocations=18 (full 0):
 garbage-first heap   total 76800K, used 42253K [0x0000000082800000, 0x0000000100000000)
  region size 1024K, 1 young (1024K), 1 survivors (1024K)
 Metaspace       used 33894K, committed 34176K, reserved 1081344K
  class space    used 4395K, committed 4544K, reserved 1048576K
}
Event: 6.437 GC heap before
{Heap before GC invocations=18 (full 0):
 garbage-first heap   total 76800K, used 54541K [0x0000000082800000, 0x0000000100000000)
  region size 1024K, 14 young (14336K), 1 survivors (1024K)
 Metaspace       used 34121K, committed 34368K, reserved 1081344K
  class space    used 4418K, committed 4544K, reserved 1048576K
}
Event: 6.440 GC heap after
{Heap after GC invocations=19 (full 0):
 garbage-first heap   total 76800K, used 42947K [0x0000000082800000, 0x0000000100000000)
  region size 1024K, 2 young (2048K), 2 survivors (2048K)
 Metaspace       used 34121K, committed 34368K, reserved 1081344K
  class space    used 4418K, committed 4544K, reserved 1048576K
}
Event: 6.462 GC heap before
{Heap before GC invocations=19 (full 0):
 garbage-first heap   total 76800K, used 56259K [0x0000000082800000, 0x0000000100000000)
  region size 1024K, 16 young (16384K), 2 survivors (2048K)
 Metaspace       used 34121K, committed 34368K, reserved 1081344K
  class space    used 4418K, committed 4544K, reserved 1048576K
}
Event: 6.464 GC heap after
{Heap after GC invocations=20 (full 0):
 garbage-first heap   total 76800K, used 43643K [0x0000000082800000, 0x0000000100000000)
  region size 1024K, 2 young (2048K), 2 survivors (2048K)
 Metaspace       used 34121K, committed 34368K, reserved 1081344K
  class space    used 4418K, committed 4544K, reserved 1048576K
}
Event: 6.484 GC heap before
{Heap before GC invocations=20 (full 0):
 garbage-first heap   total 76800K, used 56955K [0x0000000082800000, 0x0000000100000000)
  region size 1024K, 16 young (16384K), 2 survivors (2048K)
 Metaspace       used 34121K, committed 34368K, reserved 1081344K
  class space    used 4418K, committed 4544K, reserved 1048576K
}
Event: 6.485 GC heap after
{Heap after GC invocations=21 (full 0):
 garbage-first heap   total 76800K, used 44375K [0x0000000082800000, 0x0000000100000000)
  region size 1024K, 2 young (2048K), 2 survivors (2048K)
 Metaspace       used 34121K, committed 34368K, reserved 1081344K
  class space    used 4418K, committed 4544K, reserved 1048576K
}
Event: 6.586 GC heap before
{Heap before GC invocations=22 (full 0):
 garbage-first heap   total 81920K, used 58711K [0x0000000082800000, 0x0000000100000000)
  region size 1024K, 17 young (17408K), 2 survivors (2048K)
 Metaspace       used 34121K, committed 34368K, reserved 1081344K
  class space    used 4418K, committed 4544K, reserved 1048576K
}
Event: 6.588 GC heap after
{Heap after GC invocations=23 (full 0):
 garbage-first heap   total 81920K, used 45299K [0x0000000082800000, 0x0000000100000000)
  region size 1024K, 3 young (3072K), 3 survivors (3072K)
 Metaspace       used 34121K, committed 34368K, reserved 1081344K
  class space    used 4418K, committed 4544K, reserved 1048576K
}
Event: 6.589 GC heap before
{Heap before GC invocations=23 (full 0):
 garbage-first heap   total 81920K, used 45299K [0x0000000082800000, 0x0000000100000000)
  region size 1024K, 4 young (4096K), 3 survivors (3072K)
 Metaspace       used 34121K, committed 34368K, reserved 1081344K
  class space    used 4418K, committed 4544K, reserved 1048576K
}
Event: 6.591 GC heap after
{Heap after GC invocations=24 (full 0):
 garbage-first heap   total 163840K, used 44753K [0x0000000082800000, 0x0000000100000000)
  region size 1024K, 1 young (1024K), 1 survivors (1024K)
 Metaspace       used 34121K, committed 34368K, reserved 1081344K
  class space    used 4418K, committed 4544K, reserved 1048576K
}
Event: 6.747 GC heap before
{Heap before GC invocations=24 (full 0):
 garbage-first heap   total 163840K, used 113361K [0x0000000082800000, 0x0000000100000000)
  region size 1024K, 69 young (70656K), 1 survivors (1024K)
 Metaspace       used 34121K, committed 34368K, reserved 1081344K
  class space    used 4418K, committed 4544K, reserved 1048576K
}
Event: 6.751 GC heap after
{Heap after GC invocations=25 (full 0):
 garbage-first heap   total 163840K, used 47872K [0x0000000082800000, 0x0000000100000000)
  region size 1024K, 4 young (4096K), 4 survivors (4096K)
 Metaspace       used 34121K, committed 34368K, reserved 1081344K
  class space    used 4418K, committed 4544K, reserved 1048576K
}
Event: 6.891 GC heap before
{Heap before GC invocations=25 (full 0):
 garbage-first heap   total 163840K, used 124672K [0x0000000082800000, 0x0000000100000000)
  region size 1024K, 80 young (81920K), 4 survivors (4096K)
 Metaspace       used 34121K, committed 34368K, reserved 1081344K
  class space    used 4418K, committed 4544K, reserved 1048576K
}
Event: 6.897 GC heap after
{Heap after GC invocations=26 (full 0):
 garbage-first heap   total 163840K, used 51814K [0x0000000082800000, 0x0000000100000000)
  region size 1024K, 8 young (8192K), 8 survivors (8192K)
 Metaspace       used 34121K, committed 34368K, reserved 1081344K
  class space    used 4418K, committed 4544K, reserved 1048576K
}
Event: 7.002 GC heap before
{Heap before GC invocations=26 (full 0):
 garbage-first heap   total 163840K, used 127590K [0x0000000082800000, 0x0000000100000000)
  region size 1024K, 83 young (84992K), 8 survivors (8192K)
 Metaspace       used 34121K, committed 34368K, reserved 1081344K
  class space    used 4418K, committed 4544K, reserved 1048576K
}
Event: 7.009 GC heap after
{Heap after GC invocations=27 (full 0):
 garbage-first heap   total 163840K, used 55532K [0x0000000082800000, 0x0000000100000000)
  region size 1024K, 8 young (8192K), 8 survivors (8192K)
 Metaspace       used 34121K, committed 34368K, reserved 1081344K
  class space    used 4418K, committed 4544K, reserved 1048576K
}
Event: 7.084 GC heap before
{Heap before GC invocations=27 (full 0):
 garbage-first heap   total 163840K, used 130284K [0x0000000082800000, 0x0000000100000000)
  region size 1024K, 82 young (83968K), 8 survivors (8192K)
 Metaspace       used 34121K, committed 34368K, reserved 1081344K
  class space    used 4418K, committed 4544K, reserved 1048576K
}

