# JRE version: OpenJDK Runtime Environment Temurin-17.0.3+7 (17.0.3+7) (build 17.0.3+7)
# Java VM: OpenJDK 64-Bit Server VM Temurin-17.0.3+7 (17.0.3+7, mixed mode, emulated-client, tiered, compressed oops, compressed class ptrs, g1 gc, windows-amd64)
GC Precious Log:
 CPUs: 4 total, 4 available
 Memory: 8026M
 Large Page Support: Disabled
 NUMA Support: Disabled
 Compressed Oops: Enabled (32-bit)
 Heap Region Size: 1M
 Heap Min Capacity: 8M
 Heap Initial Capacity: 126M
 Heap Max Capacity: 2008M
 Pre-touch: Disabled
 Parallel Workers: 4
 Concurrent Workers: 1
 Concurrent Refinement Workers: 4
 Periodic GC: Disabled
Heap:
 garbage-first heap   total 135168K, used 55262K [0x0000000082800000, 0x0000000100000000)
  region size 1024K, 6 young (6144K), 6 survivors (6144K)
 Metaspace       used 34142K, committed 34368K, reserved 1081344K
  class space    used 4423K, committed 4544K, reserved 1048576K
GC Heap History (20 events):
Event: 5.072 GC heap after
{Heap after GC invocations=14 (full 0):
 garbage-first heap   total 76800K, used 40085K [0x0000000082800000, 0x0000000100000000)
  region size 1024K, 2 young (2048K), 2 survivors (2048K)
 Metaspace       used 33951K, committed 34240K, reserved 1081344K
  class space    used 4400K, committed 4544K, reserved 1048576K
}
Event: 5.223 GC heap before
{Heap before GC invocations=15 (full 0):
 garbage-first heap   total 76800K, used 53397K [0x0000000082800000, 0x0000000100000000)
  region size 1024K, 16 young (16384K), 2 survivors (2048K)
 Metaspace       used 33952K, committed 34240K, reserved 1081344K
  class space    used 4402K, committed 4544K, reserved 1048576K
}
Event: 5.229 GC heap after
{Heap after GC invocations=16 (full 0):
 garbage-first heap   total 76800K, used 41560K [0x0000000082800000, 0x0000000100000000)
  region size 1024K, 2 young (2048K), 2 survivors (2048K)
 Metaspace       used 33952K, committed 34240K, reserved 1081344K
  class space    used 4402K, committed 4544K, reserved 1048576K
}
Event: 5.265 GC heap before
{Heap before GC invocations=16 (full 0):
 garbage-first heap   total 76800K, used 54872K [0x0000000082800000, 0x0000000100000000)
  region size 1024K, 16 young (16384K), 2 survivors (2048K)
 Metaspace       used 34142K, committed 34368K, reserved 1081344K
  class space    used 4423K, committed 4544K, reserved 1048576K
}
Event: 5.267 GC heap after
{Heap after GC invocations=17 (full 0):
 garbage-first heap   total 76800K, used 42346K [0x0000000082800000, 0x0000000100000000)
  region size 1024K, 1 young (1024K), 1 survivors (1024K)
 Metaspace       used 34142K, committed 34368K, reserved 1081344K
  class space    used 4423K, committed 4544K, reserved 1048576K
}
Event: 5.285 GC heap before
{Heap before GC invocations=17 (full 0):
 garbage-first heap   total 76800K, used 56682K [0x0000000082800000, 0x0000000100000000)
  region size 1024K, 16 young (16384K), 1 survivors (1024K)
 Metaspace       used 34142K, committed 34368K, reserved 1081344K
  class space    used 4423K, committed 4544K, reserved 1048576K
}
Event: 5.287 GC heap after
{Heap after GC invocations=18 (full 0):
 garbage-first heap   total 76800K, used 43102K [0x0000000082800000, 0x0000000100000000)
  region size 1024K, 2 young (2048K), 2 survivors (2048K)
 Metaspace       used 34142K, committed 34368K, reserved 1081344K
  class space    used 4423K, committed 4544K, reserved 1048576K
}
Event: 5.311 GC heap before
{Heap before GC invocations=18 (full 0):
 garbage-first heap   total 76800K, used 57438K [0x0000000082800000, 0x0000000100000000)
  region size 1024K, 17 young (17408K), 2 survivors (2048K)
 Metaspace       used 34142K, committed 34368K, reserved 1081344K
  class space    used 4423K, committed 4544K, reserved 1048576K
}
Event: 5.313 GC heap after
{Heap after GC invocations=19 (full 0):
 garbage-first heap   total 76800K, used 43892K [0x0000000082800000, 0x0000000100000000)
  region size 1024K, 3 young (3072K), 3 survivors (3072K)
 Metaspace       used 34142K, committed 34368K, reserved 1081344K
  class space    used 4423K, committed 4544K, reserved 1048576K
}
Event: 5.332 GC heap before
{Heap before GC invocations=19 (full 0):
 garbage-first heap   total 76800K, used 58228K [0x0000000082800000, 0x0000000100000000)
  region size 1024K, 18 young (18432K), 3 survivors (3072K)
 Metaspace       used 34142K, committed 34368K, reserved 1081344K
  class space    used 4423K, committed 4544K, reserved 1048576K
}
Event: 5.334 GC heap after
{Heap after GC invocations=20 (full 0):
 garbage-first heap   total 135168K, used 44672K [0x0000000082800000, 0x0000000100000000)
  region size 1024K, 2 young (2048K), 2 survivors (2048K)
 Metaspace       used 34142K, committed 34368K, reserved 1081344K
  class space    used 4423K, committed 4544K, reserved 1048576K
}
Event: 5.436 GC heap before
{Heap before GC invocations=21 (full 0):
 garbage-first heap   total 135168K, used 96896K [0x0000000082800000, 0x0000000100000000)
  region size 1024K, 54 young (55296K), 2 survivors (2048K)
 Metaspace       used 34142K, committed 34368K, reserved 1081344K
  class space    used 4423K, committed 4544K, reserved 1048576K
}
Event: 5.441 GC heap after
{Heap after GC invocations=22 (full 0):
 garbage-first heap   total 135168K, used 47002K [0x0000000082800000, 0x0000000100000000)
  region size 1024K, 4 young (4096K), 4 survivors (4096K)
 Metaspace       used 34142K, committed 34368K, reserved 1081344K
  class space    used 4423K, committed 4544K, reserved 1048576K
}
Event: 5.443 GC heap before
{Heap before GC invocations=22 (full 0):
 garbage-first heap   total 135168K, used 49050K [0x0000000082800000, 0x0000000100000000)
  region size 1024K, 6 young (6144K), 4 survivors (4096K)
 Metaspace       used 34142K, committed 34368K, reserved 1081344K
  class space    used 4423K, committed 4544K, reserved 1048576K
}
Event: 5.446 GC heap after
{Heap after GC invocations=23 (full 0):
 garbage-first heap   total 135168K, used 47210K [0x0000000082800000, 0x0000000100000000)
  region size 1024K, 1 young (1024K), 1 survivors (1024K)
 Metaspace       used 34142K, committed 34368K, reserved 1081344K
  class space    used 4423K, committed 4544K, reserved 1048576K
}
Event: 5.530 GC heap before
{Heap before GC invocations=23 (full 0):
 garbage-first heap   total 135168K, used 102506K [0x0000000082800000, 0x0000000100000000)
  region size 1024K, 56 young (57344K), 1 survivors (1024K)
 Metaspace       used 34142K, committed 34368K, reserved 1081344K
  class space    used 4423K, committed 4544K, reserved 1048576K
}
Event: 5.534 GC heap after
{Heap after GC invocations=24 (full 0):
 garbage-first heap   total 135168K, used 49822K [0x0000000082800000, 0x0000000100000000)
  region size 1024K, 3 young (3072K), 3 survivors (3072K)
 Metaspace       used 34142K, committed 34368K, reserved 1081344K
  class space    used 4423K, committed 4544K, reserved 1048576K
}
Event: 5.603 GC heap before
{Heap before GC invocations=24 (full 0):
 garbage-first heap   total 135168K, used 106142K [0x0000000082800000, 0x0000000100000000)
  region size 1024K, 59 young (60416K), 3 survivors (3072K)
 Metaspace       used 34142K, committed 34368K, reserved 1081344K
  class space    used 4423K, committed 4544K, reserved 1048576K
}
Event: 5.609 GC heap after
{Heap after GC invocations=25 (full 0):
 garbage-first heap   total 135168K, used 52603K [0x0000000082800000, 0x0000000100000000)
  region size 1024K, 6 young (6144K), 6 survivors (6144K)
 Metaspace       used 34142K, committed 34368K, reserved 1081344K
  class space    used 4423K, committed 4544K, reserved 1048576K
}
Event: 5.685 GC heap before
{Heap before GC invocations=25 (full 0):
 garbage-first heap   total 135168K, used 107899K [0x0000000082800000, 0x0000000100000000)
  region size 1024K, 61 young (62464K), 6 survivors (6144K)
 Metaspace       used 34142K, committed 34368K, reserved 1081344K
  class space    used 4423K, committed 4544K, reserved 1048576K
}

